<?xml version="1.0" encoding="UTF-8"?>
<!-- Generated by org.testng.reporters.JUnitReportReporter -->
<testsuite hostname="IAULKALADE07" failures="0" tests="3" name="com.iasys.DataProvider.DataProviderReturntypeinteger" time="0.011" errors="0" timestamp="2025-02-10T20:38:13 IST" skipped="0">
  <testcase classname="com.iasys.DataProvider.DataProviderReturntypeinteger" name="TestGoogle" time="0.001"/>
  <testcase classname="com.iasys.DataProvider.DataProviderReturntypeinteger" name="TestGoogle" time="0.008"/>
  <testcase classname="com.iasys.DataProvider.DataProviderReturntypeinteger" name="TestGoogle" time="0.002"/>
</testsuite> <!-- com.iasys.DataProvider.DataProviderReturntypeinteger -->
