<?xml version="1.0" encoding="UTF-8"?>
<!-- Generated by org.testng.reporters.JUnitReportReporter -->
<testsuite hostname="IAULKALADE07" failures="0" tests="4" name="com.iasys.invocationCount.InvocationCount" time="80.464" errors="0" timestamp="2025-02-20T19:35:56 IST" skipped="0">
  <testcase classname="com.iasys.invocationCount.InvocationCount" name="TestGoogle" time="20.861"/>
  <system-out/>
  <testcase classname="com.iasys.invocationCount.InvocationCount" name="TestGoogle" time="19.831"/>
  <system-out/>
  <testcase classname="com.iasys.invocationCount.InvocationCount" name="TestGoogle" time="18.849"/>
  <system-out/>
  <testcase classname="com.iasys.invocationCount.InvocationCount" name="TestGoogle" time="20.923"/>
  <system-out/>
</testsuite> <!-- com.iasys.invocationCount.InvocationCount -->
