<?xml version="1.0" encoding="UTF-8"?>
<!-- Generated by org.testng.reporters.JUnitReportReporter -->
<testsuite hostname="IAULKALADE07" failures="0" tests="2" name="com.iasys.DataProvider.DataProviderReturntyIterator" time="0.007" errors="0" timestamp="2025-02-12T12:29:35 IST" skipped="0">
  <testcase classname="com.iasys.DataProvider.DataProviderReturntyIterator" name="TestGoogle" time="0.001"/>
  <system-out/>
  <testcase classname="com.iasys.DataProvider.DataProviderReturntyIterator" name="TestGoogle" time="0.006"/>
  <system-out/>
</testsuite> <!-- com.iasys.DataProvider.DataProviderReturntyIterator -->
