<?xml version="1.0" encoding="UTF-8"?>
<!-- Generated by org.testng.reporters.JUnitReportReporter -->
<testsuite hostname="IAULKALADE07" failures="0" tests="2" name="com.iasys.DataProvider.DataProviderReturntyHashSet" time="0.013" errors="0" timestamp="2025-02-12T13:05:02 IST" skipped="0">
  <testcase classname="com.iasys.DataProvider.DataProviderReturntyHashSet" name="TestGoogle" time="0.012"/>
  <system-out/>
  <testcase classname="com.iasys.DataProvider.DataProviderReturntyHashSet" name="TestGoogle" time="0.001"/>
  <system-out/>
</testsuite> <!-- com.iasys.DataProvider.DataProviderReturntyHashSet -->
