<?xml version="1.0" encoding="UTF-8"?>
<!-- Generated by org.testng.reporters.JUnitReportReporter -->
<testsuite hostname="IAULKALADE07" failures="0" tests="3" name="com.iasys.extentreportsintegrationtestNG.TestNGUsingListeners" time="10.836" errors="0" timestamp="2025-03-10T17:33:31 IST" skipped="0">
  <testcase classname="com.iasys.extentreportsintegrationtestNG.TestNGUsingListeners" name="TestCase2" time="6.094"/>
  <system-out/>
  <testcase classname="com.iasys.extentreportsintegrationtestNG.TestNGUsingListeners" name="TestCase1" time="0.080"/>
  <system-out/>
  <testcase classname="com.iasys.extentreportsintegrationtestNG.TestNGUsingListeners" name="TestCase3" time="4.662"/>
  <system-out/>
</testsuite> <!-- com.iasys.extentreportsintegrationtestNG.TestNGUsingListeners -->
