<?xml version="1.0" encoding="UTF-8"?>
<!-- Generated by org.testng.reporters.JUnitReportReporter -->
<testsuite hostname="IAULKALADE07" failures="0" tests="2" name="com.iasys.DataProvider.DataProviderReturntyHashSetwithobject" time="0.013" errors="0" timestamp="2025-02-12T14:05:51 IST" skipped="0">
  <testcase classname="com.iasys.DataProvider.DataProviderReturntyHashSetwithobject" name="TestGoogle" time="0.010"/>
  <system-out/>
  <testcase classname="com.iasys.DataProvider.DataProviderReturntyHashSetwithobject" name="TestGoogle" time="0.003"/>
  <system-out/>
</testsuite> <!-- com.iasys.DataProvider.DataProviderReturntyHashSetwithobject -->
