<?xml version="1.0" encoding="UTF-8"?>
<!-- Generated by org.testng.reporters.JUnitReportReporter -->
<testsuite hostname="IAULKALADE07" failures="0" tests="4" name="com.iasys.paralleltest.ParallelTestCase4" time="0.008" errors="0" timestamp="2025-02-20T17:08:16 IST" skipped="0">
  <testcase classname="com.iasys.paralleltest.ParallelTestCase4" name="testMethod12" time="0.001"/>
  <system-out/>
  <testcase classname="com.iasys.paralleltest.ParallelTestCase4" name="testMethod13" time="0.003"/>
  <system-out/>
  <testcase classname="com.iasys.paralleltest.ParallelTestCase4" name="testMethod15" time="0.001"/>
  <system-out/>
  <testcase classname="com.iasys.paralleltest.ParallelTestCase4" name="testMethod14" time="0.003"/>
  <system-out/>
</testsuite> <!-- com.iasys.paralleltest.ParallelTestCase4 -->
