<?xml version="1.0" encoding="UTF-8"?>
<!-- Generated by org.testng.reporters.JUnitReportReporter -->
<testsuite hostname="IAULKALADE07" failures="0" tests="3" name="com.iasys.paralleltest.ParallelTestCase2" time="0.017" errors="0" timestamp="2025-02-20T17:08:16 IST" skipped="0">
  <testcase classname="com.iasys.paralleltest.ParallelTestCase2" name="testMethod6" time="0.004"/>
  <system-out/>
  <testcase classname="com.iasys.paralleltest.ParallelTestCase2" name="testMethod5" time="0.006"/>
  <system-out/>
  <testcase classname="com.iasys.paralleltest.ParallelTestCase2" name="testMethod7" time="0.007"/>
  <system-out/>
</testsuite> <!-- com.iasys.paralleltest.ParallelTestCase2 -->
