<?xml version="1.0" encoding="UTF-8"?>
<!-- Generated by org.testng.reporters.JUnitReportReporter -->
<testsuite hostname="IAULKALADE07" failures="0" tests="3" name="com.iasys.DataProvider.DataProviderReturntyObjectJaggedarray" time="0.012" errors="0" timestamp="2025-02-12T11:49:35 IST" skipped="0">
  <testcase classname="com.iasys.DataProvider.DataProviderReturntyObjectJaggedarray" name="TestGoogle" time="0.001"/>
  <system-out/>
  <testcase classname="com.iasys.DataProvider.DataProviderReturntyObjectJaggedarray" name="TestGoogle" time="0.008"/>
  <system-out/>
  <testcase classname="com.iasys.DataProvider.DataProviderReturntyObjectJaggedarray" name="TestGoogle" time="0.003"/>
  <system-out/>
</testsuite> <!-- com.iasys.DataProvider.DataProviderReturntyObjectJaggedarray -->
