<?xml version="1.0" encoding="UTF-8"?>
<!-- Generated by org.testng.reporters.JUnitReportReporter -->
<testsuite hostname="IAULKALADE07" failures="0" tests="2" name="com.iasys.dataproviderpartially.Indices" time="0.007" errors="0" timestamp="2025-02-12T20:38:42 IST" skipped="0">
  <testcase classname="com.iasys.dataproviderpartially.Indices" name="TestGoogle" time="0.001"/>
  <system-out/>
  <testcase classname="com.iasys.dataproviderpartially.Indices" name="TestGoogle" time="0.006"/>
  <system-out/>
</testsuite> <!-- com.iasys.dataproviderpartially.Indices -->
