<?xml version="1.0" encoding="UTF-8"?>
<!-- Generated by org.testng.reporters.JUnitReportReporter -->
<testsuite hostname="DESKTOP-3N52H20" failures="0" tests="1" name="com.iasys.timeout.ExpectedException" time="10.625" errors="0" timestamp="2025-04-15T14:49:46 BST" skipped="0">
  <testcase classname="com.iasys.timeout.ExpectedException" name="testmethod1" time="10.625"/>
  <system-out/>
</testsuite> <!-- com.iasys.timeout.ExpectedException -->
