<?xml version="1.0" encoding="UTF-8"?>
<!-- Generated by org.testng.reporters.JUnitReportReporter -->
<testsuite hostname="IAULKALADE07" failures="0" tests="3" name="com.iasys.DataProvider.DataProviderReturntypetjaggedarray" time="0.010" errors="0" timestamp="2025-02-12T11:45:28 IST" skipped="0">
  <testcase classname="com.iasys.DataProvider.DataProviderReturntypetjaggedarray" name="TestGoogle" time="0.001"/>
  <system-out/>
  <testcase classname="com.iasys.DataProvider.DataProviderReturntypetjaggedarray" name="TestGoogle" time="0.007"/>
  <system-out/>
  <testcase classname="com.iasys.DataProvider.DataProviderReturntypetjaggedarray" name="TestGoogle" time="0.002"/>
  <system-out/>
</testsuite> <!-- com.iasys.DataProvider.DataProviderReturntypetjaggedarray -->
