<?xml version="1.0" encoding="UTF-8"?>
<!-- Generated by org.testng.reporters.JUnitReportReporter -->
<testsuite hostname="IAULKALADE07" failures="0" tests="4" name="com.iasys.groups.Ignore1" time="0.005" errors="0" timestamp="2025-02-03T12:33:29 IST" skipped="0">
  <testcase classname="com.iasys.groups.Ignore1" name="test1" time="0.001"/>
  <testcase classname="com.iasys.groups.Ignore1" name="test8" time="0.002"/>
  <testcase classname="com.iasys.groups.Ignore1" name="test3" time="0.001"/>
  <testcase classname="com.iasys.groups.Ignore1" name="test2" time="0.001"/>
</testsuite> <!-- com.iasys.groups.Ignore1 -->
