<?xml version="1.0" encoding="UTF-8"?>
<!-- Generated by org.testng.reporters.JUnitReportReporter -->
<testsuite hostname="IAULKALADE07" failures="0" tests="1" name="com.iasys.testcase.HRMTC" time="0.010" errors="0" timestamp="2025-01-23T12:26:42 IST" skipped="0">
  <testcase classname="com.iasys.testcase.HRMTC" name="testmethod" time="0.010"/>
</testsuite> <!-- com.iasys.testcase.HRMTC -->
