<?xml version="1.0" encoding="UTF-8"?>
<!-- Generated by org.testng.reporters.JUnitReportReporter -->
<testsuite hostname="IAULKALADE07" failures="0" tests="3" name="Ignoretestcase.Ignore1" time="0.017" errors="0" timestamp="2025-01-27T14:59:27 IST" skipped="1">
  <testcase classname="Ignoretestcase.Ignore1" name="test3" time="0.005"/>
  <testcase classname="Ignoretestcase.Ignore1" name="test2" time="0.012"/>
  <testcase classname="Ignoretestcase.Ignore1" name="test1">
    <skipped/>
  </testcase> <!-- test1 -->
</testsuite> <!-- Ignoretestcase.Ignore1 -->
