<?xml version="1.0" encoding="UTF-8"?>
<!-- Generated by org.testng.reporters.JUnitReportReporter -->
<testsuite hostname="IAULKALADE07" failures="0" tests="6" name="com.iasys.testcase.Priority" time="0.020" errors="0" timestamp="2025-01-24T19:54:58 IST" skipped="0">
  <testcase classname="com.iasys.testcase.Priority" name="BookTheFlight" time="0.009"/>
  <testcase classname="com.iasys.testcase.Priority" name="Login" time="0.002"/>
  <testcase classname="com.iasys.testcase.Priority" name="Singup" time="0.002"/>
  <testcase classname="com.iasys.testcase.Priority" name="SaerchForTheFlight" time="0.001"/>
  <testcase classname="com.iasys.testcase.Priority" name="SaveTheTicket" time="0.002"/>
  <testcase classname="com.iasys.testcase.Priority" name="Logout" time="0.004"/>
</testsuite> <!-- com.iasys.testcase.Priority -->
