<?xml version="1.0" encoding="UTF-8"?>
<!-- Generated by org.testng.reporters.JUnitReportReporter -->
<testsuite hostname="IAULKALADE07" failures="0" tests="3" name="Ignoretestcase.Ignore2" time="0.019" errors="0" timestamp="2025-01-27T15:22:41 IST" skipped="0">
  <testcase classname="Ignoretestcase.Ignore2" name="test4" time="0.011"/>
  <testcase classname="Ignoretestcase.Ignore2" name="test5" time="0.002"/>
  <testcase classname="Ignoretestcase.Ignore2" name="test6" time="0.006"/>
</testsuite> <!-- Ignoretestcase.Ignore2 -->
