<?xml version="1.0" encoding="UTF-8"?>
<!-- Generated by org.testng.reporters.JUnitReportReporter -->
<testsuite hostname="IAULKALADE07" failures="0" tests="3" name="com.iasys.DataProvider.DataProviderReturntype" time="0.013" errors="0" timestamp="2025-02-04T21:03:02 IST" skipped="0">
  <testcase classname="com.iasys.DataProvider.DataProviderReturntype" name="TestGoogle" time="0.003"/>
  <testcase classname="com.iasys.DataProvider.DataProviderReturntype" name="TestGoogle" time="0.008"/>
  <testcase classname="com.iasys.DataProvider.DataProviderReturntype" name="TestGoogle" time="0.002"/>
</testsuite> <!-- com.iasys.DataProvider.DataProviderReturntype -->
