<?xml version="1.0" encoding="UTF-8"?>
<!-- Generated by org.testng.reporters.JUnitReportReporter -->
<testsuite hostname="IAULKALADE07" failures="0" tests="3" name="com.iasys.groups.Ignore2" time="0.014" errors="0" timestamp="2025-02-03T12:33:29 IST" skipped="0">
  <testcase classname="com.iasys.groups.Ignore2" name="test5" time="0.001"/>
  <testcase classname="com.iasys.groups.Ignore2" name="test4" time="0.002"/>
  <testcase classname="com.iasys.groups.Ignore2" name="test6" time="0.011"/>
</testsuite> <!-- com.iasys.groups.Ignore2 -->
