<?xml version="1.0" encoding="UTF-8"?>
<!-- Generated by org.testng.reporters.JUnitReportReporter -->
<testsuite hostname="IAULKALADE07" failures="0" tests="4" name="com.iasys.paralleltest.ParallelTestCase1" time="0.055" errors="0" timestamp="2025-02-20T17:08:16 IST" skipped="0">
  <testcase classname="com.iasys.paralleltest.ParallelTestCase1" name="testMethod2" time="0.024"/>
  <system-out/>
  <testcase classname="com.iasys.paralleltest.ParallelTestCase1" name="testMethod4" time="0.006"/>
  <system-out/>
  <testcase classname="com.iasys.paralleltest.ParallelTestCase1" name="testMethod1" time="0.016"/>
  <system-out/>
  <testcase classname="com.iasys.paralleltest.ParallelTestCase1" name="testMethod3" time="0.009"/>
  <system-out/>
</testsuite> <!-- com.iasys.paralleltest.ParallelTestCase1 -->
