<?xml version="1.0" encoding="UTF-8"?>
<!-- Generated by org.testng.reporters.JUnitReportReporter -->
<testsuite hostname="IAULKALADE07" failures="0" tests="3" name="com.iasys.DataProvider.test" time="0.011" errors="0" timestamp="2025-02-11T19:00:49 IST" skipped="0">
  <testcase classname="com.iasys.DataProvider.test" name="TestGoogle" time="0.001"/>
  <testcase classname="com.iasys.DataProvider.test" name="TestGoogle" time="0.002"/>
  <testcase classname="com.iasys.DataProvider.test" name="TestGoogle" time="0.008"/>
</testsuite> <!-- com.iasys.DataProvider.test -->
