<?xml version="1.0" encoding="UTF-8"?>
<!-- Generated by org.testng.reporters.JUnitReportReporter -->
<testsuite hostname="IAULKALADE07" failures="0" tests="3" name="com.iasys.DataProvider.DataProviderReturntypetwodimensionalarray" time="0.014" errors="0" timestamp="2025-02-11T19:12:46 IST" skipped="0">
  <testcase classname="com.iasys.DataProvider.DataProviderReturntypetwodimensionalarray" name="TestGoogle" time="0.001"/>
  <testcase classname="com.iasys.DataProvider.DataProviderReturntypetwodimensionalarray" name="TestGoogle" time="0.011"/>
  <testcase classname="com.iasys.DataProvider.DataProviderReturntypetwodimensionalarray" name="TestGoogle" time="0.002"/>
</testsuite> <!-- com.iasys.DataProvider.DataProviderReturntypetwodimensionalarray -->
