<?xml version="1.0" encoding="UTF-8"?>
<!-- Generated by org.testng.reporters.JUnitReportReporter -->
<testsuite hostname="IAULKALADE07" failures="0" tests="7" name="com.iasys.testcase.OrangeHrm" time="28.977" errors="0" timestamp="2025-02-03T20:03:40 IST" skipped="0">
  <testcase classname="com.iasys.testcase.OrangeHrm" name="EnterLoginDetails" time="4.563"/>
  <testcase classname="com.iasys.testcase.OrangeHrm" name="LanchApp" time="3.511"/>
  <testcase classname="com.iasys.testcase.OrangeHrm" name="LanchApp" time="3.132"/>
  <testcase classname="com.iasys.testcase.OrangeHrm" name="NaviagateToMYInfo" time="6.640"/>
  <testcase classname="com.iasys.testcase.OrangeHrm" name="VerifyLogin" time="2.062"/>
  <testcase classname="com.iasys.testcase.OrangeHrm" name="VerifyMYInfo" time="2.043"/>
  <testcase classname="com.iasys.testcase.OrangeHrm" name="EnterLoginDetails" time="7.026"/>
</testsuite> <!-- com.iasys.testcase.OrangeHrm -->
