<?xml version="1.0" encoding="UTF-8"?>
<!-- Generated by org.testng.reporters.JUnitReportReporter -->
<testsuite hostname="IAULKALADE07" failures="0" tests="1" name="com.iasys.testNG.pro.TestNGTC" time="10.813" errors="0" timestamp="2025-01-20T12:26:12 IST" skipped="0">
  <testcase classname="com.iasys.testNG.pro.TestNGTC" name="test" time="10.813"/>
</testsuite> <!-- com.iasys.testNG.pro.TestNGTC -->
