<?xml version="1.0" encoding="UTF-8"?>
<!-- Generated by org.testng.reporters.JUnitReportReporter -->
<testsuite hostname="IAULKALADE07" failures="0" tests="4" name="com.iasys.dataproviderseparateClass.BaseTest" time="0.011" errors="0" timestamp="2025-02-13T14:51:15 IST" skipped="0">
  <testcase classname="com.iasys.dataproviderseparateClass.BaseTest" name="TestGoogle" time="0.002"/>
  <system-out/>
  <testcase classname="com.iasys.dataproviderseparateClass.BaseTest" name="TestGoogle" time="0.006"/>
  <system-out/>
  <testcase classname="com.iasys.dataproviderseparateClass.BaseTest" name="TestGoogle" time="0.002"/>
  <system-out/>
  <testcase classname="com.iasys.dataproviderseparateClass.BaseTest" name="TestGoogle" time="0.001"/>
  <system-out/>
</testsuite> <!-- com.iasys.dataproviderseparateClass.BaseTest -->
