<?xml version="1.0" encoding="UTF-8"?>
<!-- Generated by org.testng.reporters.JUnitReportReporter -->
<testsuite hostname="IAULKALADE07" failures="0" tests="4" name="com.iasys.paralleltest.ParallelTestCase3" time="0.007" errors="0" timestamp="2025-02-20T17:08:16 IST" skipped="0">
  <testcase classname="com.iasys.paralleltest.ParallelTestCase3" name="testMethod9" time="0.002"/>
  <system-out/>
  <testcase classname="com.iasys.paralleltest.ParallelTestCase3" name="testMethod11" time="0.002"/>
  <system-out/>
  <testcase classname="com.iasys.paralleltest.ParallelTestCase3" name="testMethod10" time="0.002"/>
  <system-out/>
  <testcase classname="com.iasys.paralleltest.ParallelTestCase3" name="testMethod8" time="0.001"/>
  <system-out/>
</testsuite> <!-- com.iasys.paralleltest.ParallelTestCase3 -->
